{
  "stats": {
    "suites": 1,
    "tests": 1,
    "passes": 1,
    "pending": 0,
    "failures": 0,
    "start": "2026-04-26T18:40:37.922Z",
    "end": "2026-04-26T18:40:41.445Z",
    "duration": 3523,
    "testsRegistered": 1,
    "passPercent": 100,
    "pendingPercent": 0,
    "other": 0,
    "hasOther": false,
    "skipped": 0,
    "hasSkipped": false
  },
  "results": [
    {
      "uuid": "8f2f54ca-03a5-4e5a-9bac-d13e868d1b45",
      "title": "",
      "fullFile": "cypress/e2e/myTestCases/textBox.js",
      "file": "cypress/e2e/myTestCases/textBox.js",
      "beforeHooks": [],
      "afterHooks": [],
      "tests": [],
      "suites": [
        {
          "uuid": "8eee4304-3227-4806-ab50-9c63b3915a9b",
          "title": "text box test suite",
          "fullFile": "",
          "file": "",
          "beforeHooks": [],
          "afterHooks": [],
          "tests": [
            {
              "title": "test box tets case",
              "fullTitle": "text box test suite test box tets case",
              "timedOut": null,
              "duration": 2704,
              "state": "passed",
              "speed": "fast",
              "pass": true,
              "fail": false,
              "pending": false,
              "context": null,
              "code": "cy.visit('https://demoqa.com/');\ncy.get('[href=\"/elements\"]').click();\ncy.get('[href=\"/text-box\"]').click();\ncy.get('#userName').type('Test');\ncy.get('#userEmail').type(data.fixedVal.email);\ncy.get('#currentAddress').type(data.fixedVal.currentAddress);\ncy.get('#permanentAddress').type(data.fixedVal.parmanenetAddress);\ncy.get('#submit').click();\ncy.get('#output').find('p').each(($el, index, $col) => {\n  cy.wrap($el).invoke('text').then(val => {\n    cy.log(val);\n  });\n});",
              "err": {},
              "uuid": "5739a909-9b38-4626-9e27-d419d23e04f7",
              "parentUUID": "8eee4304-3227-4806-ab50-9c63b3915a9b",
              "isHook": false,
              "skipped": false
            }
          ],
          "suites": [],
          "passes": [
            "5739a909-9b38-4626-9e27-d419d23e04f7"
          ],
          "failures": [],
          "pending": [],
          "skipped": [],
          "duration": 2704,
          "root": false,
          "rootEmpty": false,
          "_timeout": 2000
        }
      ],
      "passes": [],
      "failures": [],
      "pending": [],
      "skipped": [],
      "duration": 0,
      "root": true,
      "rootEmpty": true,
      "_timeout": 2000
    }
  ],
  "meta": {
    "mocha": {
      "version": "7.2.0"
    },
    "mochawesome": {
      "options": {
        "quiet": false,
        "reportFilename": "mochawesome",
        "saveHtml": true,
        "saveJson": true,
        "consoleReporter": "spec",
        "useInlineDiffs": false,
        "code": true
      },
      "version": "7.1.4"
    },
    "marge": {
      "options": {
        "reportDir": "cypress/reports",
        "overwrite": false,
        "html": true,
        "json": true,
        "charts": true
      },
      "version": "6.3.2"
    }
  }
}