{
  "stats": {
    "suites": 1,
    "tests": 1,
    "passes": 1,
    "pending": 0,
    "failures": 0,
    "start": "2026-04-26T18:40:34.329Z",
    "end": "2026-04-26T18:40:35.324Z",
    "duration": 995,
    "testsRegistered": 1,
    "passPercent": 100,
    "pendingPercent": 0,
    "other": 0,
    "hasOther": false,
    "skipped": 0,
    "hasSkipped": false
  },
  "results": [
    {
      "uuid": "43357b6f-8918-4ccd-a29b-dec9e883d41a",
      "title": "",
      "fullFile": "cypress/e2e/myTestCases/iframe.js",
      "file": "cypress/e2e/myTestCases/iframe.js",
      "beforeHooks": [],
      "afterHooks": [],
      "tests": [],
      "suites": [
        {
          "uuid": "9aba79a7-7c37-4fa3-9e05-4a0e0cd251ed",
          "title": "iframeHandle",
          "fullFile": "",
          "file": "",
          "beforeHooks": [],
          "afterHooks": [],
          "tests": [
            {
              "title": "iframe",
              "fullTitle": "iframeHandle iframe",
              "timedOut": null,
              "duration": 298,
              "state": "passed",
              "speed": "fast",
              "pass": true,
              "fail": false,
              "pending": false,
              "context": null,
              "code": "cy.visit('https://jqueryui.com/draggable/');\ncy.frameLoaded('.demo-frame');\ncy.iframe().find('[class=\"ui-widget-content ui-draggable ui-draggable-handle\"]').invoke('text').then(res => {\n  cy.log(res);\n  expect(res).to.contains('Drag me around');\n});",
              "err": {},
              "uuid": "d12c4033-03d7-47ef-8866-3c05a38871f8",
              "parentUUID": "9aba79a7-7c37-4fa3-9e05-4a0e0cd251ed",
              "isHook": false,
              "skipped": false
            }
          ],
          "suites": [],
          "passes": [
            "d12c4033-03d7-47ef-8866-3c05a38871f8"
          ],
          "failures": [],
          "pending": [],
          "skipped": [],
          "duration": 298,
          "root": false,
          "rootEmpty": false,
          "_timeout": 2000
        }
      ],
      "passes": [],
      "failures": [],
      "pending": [],
      "skipped": [],
      "duration": 0,
      "root": true,
      "rootEmpty": true,
      "_timeout": 2000
    }
  ],
  "meta": {
    "mocha": {
      "version": "7.2.0"
    },
    "mochawesome": {
      "options": {
        "quiet": false,
        "reportFilename": "mochawesome",
        "saveHtml": true,
        "saveJson": true,
        "consoleReporter": "spec",
        "useInlineDiffs": false,
        "code": true
      },
      "version": "7.1.4"
    },
    "marge": {
      "options": {
        "reportDir": "cypress/reports",
        "overwrite": false,
        "html": true,
        "json": true,
        "charts": true
      },
      "version": "6.3.2"
    }
  }
}